<?xml version="1.0" encoding="utf-8"?><testsuites name="pytest tests"><testsuite name="pytest" errors="0" failures="1" skipped="0" tests="6" time="63.203" timestamp="2026-08-31T09:39:38.278465+00:00" hostname="agent-env-41b254f6-bd7b-498b-ab22-c74de2ba1a99"><testcase classname="tests.test_iteration4.TestSignup" name="test_signup_new_learner_and_login" time="0.601" /><testcase classname="tests.test_iteration4.TestShiftSummary" name="test_learner_forbidden" time="0.518" /><testcase classname="tests.test_iteration4.TestSignup" name="test_duplicate_email_returns_400" time="0.157" /><testcase classname="tests.test_iteration4.TestShiftSummary" name="test_admin_can_access" time="0.484" /><testcase classname="tests.test_iteration4.TestShiftSummary" name="test_summary_reflects_flow" time="0.887"><failure message="assert 1 == 0">backend/tests/test_iteration4.py:87: in test_summary_reflects_flow
    assert after_pickup["waiting"] == before["waiting"]
E   assert 1 == 0</failure></testcase><testcase classname="tests.test_iteration4.TestEscalation" name="test_escalation_via_aging_monitor" time="61.554" /></testsuite></testsuites>