<?xml version="1.0" encoding="utf-8"?><testsuites name="pytest tests"><testsuite name="pytest" errors="0" failures="0" skipped="0" tests="35" time="55.792" timestamp="2026-08-31T09:41:02.730450+00:00" hostname="agent-env-41b254f6-bd7b-498b-ab22-c74de2ba1a99"><testcase classname="tests.backend_test.TestDeliveryFlow" name="test_learner_creates_expected" time="0.739" /><testcase classname="tests.backend_test.TestScanPickup" name="test_scan_valid_code_completes" time="1.092" /><testcase classname="tests.backend_test.TestDeliveryFlow" name="test_guard_marks_arrived_room" time="0.340" /><testcase classname="tests.backend_test.TestDeliveryFlow" name="test_wrong_otp_fails" time="0.066" /><testcase classname="tests.backend_test.TestScanPickup" name="test_scan_invalid_format_returns_400" time="0.202" /><testcase classname="tests.backend_test.TestDeliveryFlow" name="test_correct_otp_completes" time="0.064" /><testcase classname="tests.backend_test.TestDeliveryFlow" name="test_learner_can_delete_expected" time="0.113" /><testcase classname="tests.backend_test.TestScanPickup" name="test_scan_wrong_otp_returns_400" time="0.213" /><testcase classname="tests.backend_test.TestDeliveryFlow" name="test_cannot_delete_arrived" time="0.212" /><testcase classname="tests.backend_test.TestScanPickup" name="test_scan_forbidden_for_learner" time="0.356" /><testcase classname="tests.backend_test.TestAuth" name="test_login_valid_all_roles" time="0.826" /><testcase classname="tests.backend_test.TestScanPickup" name="test_scan_already_picked_up_returns_400" time="0.550" /><testcase classname="tests.backend_test.TestAuth" name="test_login_invalid" time="0.277" /><testcase classname="tests.backend_test.TestScanPickup" name="test_manual_otp_pickup_still_works" time="0.328" /><testcase classname="tests.backend_test.TestAuth" name="test_unauth_returns_401" time="0.079" /><testcase classname="tests.backend_test.TestAuth" name="test_me" time="0.050" /><testcase classname="tests.backend_test.TestRoleProtection" name="test_learner_cannot_call_guard" time="0.049" /><testcase classname="tests.backend_test.TestWhatsAppStatus" name="test_status_not_configured" time="0.051" /><testcase classname="tests.backend_test.TestRoleProtection" name="test_learner_cannot_update_capacity" time="0.049" /><testcase classname="tests.backend_test.TestWhatsAppStatus" name="test_status_requires_auth" time="52.189" /><testcase classname="tests.backend_test.TestRoleProtection" name="test_guard_cannot_create_delivery" time="0.052" /><testcase classname="tests.test_iteration4.TestShiftSummary" name="test_learner_forbidden" time="19.591" /><testcase classname="tests.test_iteration4.TestShiftSummary" name="test_admin_can_access" time="7.504" /><testcase classname="tests.test_iteration4.TestShiftSummary" name="test_summary_reflects_flow" time="0.637" /><testcase classname="tests.backend_test.TestRoomCapacity" name="test_room_status" time="0.287" /><testcase classname="tests.backend_test.TestRoomCapacity" name="test_capacity_full_returns_409" time="1.180" /><testcase classname="tests.backend_test.TestAdminStats" name="test_stats" time="0.053" /><testcase classname="tests.backend_test.TestAdminStats" name="test_stats_forbidden_for_learner" time="0.052" /><testcase classname="tests.test_iteration4.TestSignup" name="test_signup_new_learner_and_login" time="0.318" /><testcase classname="tests.test_iteration4.TestSignup" name="test_duplicate_email_returns_400" time="0.081" /><testcase classname="tests.backend_test.TestNotifications" name="test_notifications_and_read" time="0.349" /><testcase classname="tests.test_iteration4.TestEscalation" name="test_escalation_via_aging_monitor" time="17.376" /><testcase classname="tests.backend_test.TestWhatsAppStatus" name="test_notifications_channel_simulated" time="0.125" /><testcase classname="tests.backend_test.TestWalkIn" name="test_walkin_creates_arrived" time="0.163" /><testcase classname="tests.backend_test.TestWalkIn" name="test_walkin_unknown_learner" time="0.051" /></testsuite></testsuites>